0 0 0 0 0 
0 1000000000 1000000000 1000000000 1000000000 
0 1000000000 1000000000 1000000000 1000000000 
0 1000000000 1000000000 1000000000 1000000000 
0 1000000000 1000000000 1000000000 1000000000 
0 1000000000 1000000000 1000000000 1000000000 
--------------------------------------
0 0 0 0 0 
0 31 10 1000000000 1000000000 
0 1000000000 1000000000 1000000000 1000000000 
0 1000000000 1000000000 1000000000 1000000000 
0 1000000000 1000000000 1000000000 1000000000 
0 1000000000 1000000000 1000000000 1000000000 
--------------------------------------
0 0 0 0 0 
0 31 10 1 1000000000 
0 1000000000 1000000000 1000000000 1000000000 
0 1000000000 1000000000 1000000000 1000000000 
0 1000000000 1000000000 1000000000 1000000000 
0 1000000000 1000000000 1000000000 1000000000 
--------------------------------------
0 0 0 0 0 
0 31 10 1 1 
0 1000000000 1000000000 1000000000 1000000000 
0 1000000000 1000000000 1000000000 1000000000 
0 1000000000 1000000000 1000000000 1000000000 
0 1000000000 1000000000 1000000000 1000000000 
--------------------------------------
0 0 0 0 0 
0 31 10 1 1 
0 1 31 1000000000 1000000000 
0 1000000000 1000000000 1000000000 1000000000 
0 1000000000 1000000000 1000000000 1000000000 
0 1000000000 1000000000 1000000000 1000000000 
--------------------------------------
0 0 0 0 0 
0 31 10 1 1 
0 1 1 1000000000 1000000000 
0 1000000000 1000000000 1000000000 1000000000 
0 1000000000 1000000000 1000000000 1000000000 
0 1000000000 1000000000 1000000000 1000000000 
--------------------------------------
0 0 0 0 0 
0 31 10 1 1 
0 1 1 12 1000000000 
0 1000000000 1000000000 1000000000 1000000000 
0 1000000000 1000000000 1000000000 1000000000 
0 1000000000 1000000000 1000000000 1000000000 
--------------------------------------
0 0 0 0 0 
0 31 10 1 1 
0 1 1 11 1000000000 
0 1000000000 1000000000 1000000000 1000000000 
0 1000000000 1000000000 1000000000 1000000000 
0 1000000000 1000000000 1000000000 1000000000 
--------------------------------------
0 0 0 0 0 
0 31 10 1 1 
0 1 1 1 1000000000 
0 1000000000 1000000000 1000000000 1000000000 
0 1000000000 1000000000 1000000000 1000000000 
0 1000000000 1000000000 1000000000 1000000000 
--------------------------------------
0 0 0 0 0 
0 31 10 1 1 
0 1 1 1 13 
0 1000000000 1000000000 1000000000 1000000000 
0 1000000000 1000000000 1000000000 1000000000 
0 1000000000 1000000000 1000000000 1000000000 
--------------------------------------
0 0 0 0 0 
0 31 10 1 1 
0 1 1 1 2 
0 1000000000 1000000000 1000000000 1000000000 
0 1000000000 1000000000 1000000000 1000000000 
0 1000000000 1000000000 1000000000 1000000000 
--------------------------------------
0 0 0 0 0 
0 31 10 1 1 
0 1 1 1 1 
0 1000000000 1000000000 1000000000 1000000000 
0 1000000000 1000000000 1000000000 1000000000 
0 1000000000 1000000000 1000000000 1000000000 
--------------------------------------
0 0 0 0 0 
0 31 10 1 1 
0 1 1 1 1 
0 4 10 1000000000 1000000000 
0 1000000000 1000000000 1000000000 1000000000 
0 1000000000 1000000000 1000000000 1000000000 
--------------------------------------
0 0 0 0 0 
0 31 10 1 1 
0 1 1 1 1 
0 4 4 1000000000 1000000000 
0 1000000000 1000000000 1000000000 1000000000 
0 1000000000 1000000000 1000000000 1000000000 
--------------------------------------
0 0 0 0 0 
0 31 10 1 1 
0 1 1 1 1 
0 4 4 31 1000000000 
0 1000000000 1000000000 1000000000 1000000000 
0 1000000000 1000000000 1000000000 1000000000 
--------------------------------------
0 0 0 0 0 
0 31 10 1 1 
0 1 1 1 1 
0 4 4 22 1000000000 
0 1000000000 1000000000 1000000000 1000000000 
0 1000000000 1000000000 1000000000 1000000000 
--------------------------------------
0 0 0 0 0 
0 31 10 1 1 
0 1 1 1 1 
0 4 4 2 1000000000 
0 1000000000 1000000000 1000000000 1000000000 
0 1000000000 1000000000 1000000000 1000000000 
--------------------------------------
0 0 0 0 0 
0 31 10 1 1 
0 1 1 1 1 
0 4 4 2 1 
0 1000000000 1000000000 1000000000 1000000000 
0 1000000000 1000000000 1000000000 1000000000 
--------------------------------------
0 0 0 0 0 
0 31 10 1 1 
0 1 1 1 1 
0 4 4 2 1 
0 6 1 1000000000 1000000000 
0 1000000000 1000000000 1000000000 1000000000 
--------------------------------------
0 0 0 0 0 
0 31 10 1 1 
0 1 1 1 1 
0 4 4 2 1 
0 6 1 20 1000000000 
0 1000000000 1000000000 1000000000 1000000000 
--------------------------------------
0 0 0 0 0 
0 31 10 1 1 
0 1 1 1 1 
0 4 4 2 1 
0 6 1 13 1000000000 
0 1000000000 1000000000 1000000000 1000000000 
--------------------------------------
0 0 0 0 0 
0 31 10 1 1 
0 1 1 1 1 
0 4 4 2 1 
0 6 1 5 1000000000 
0 1000000000 1000000000 1000000000 1000000000 
--------------------------------------
0 0 0 0 0 
0 31 10 1 1 
0 1 1 1 1 
0 4 4 2 1 
0 6 1 1 1000000000 
0 1000000000 1000000000 1000000000 1000000000 
--------------------------------------
0 0 0 0 0 
0 31 10 1 1 
0 1 1 1 1 
0 4 4 2 1 
0 6 1 1 19 
0 1000000000 1000000000 1000000000 1000000000 
--------------------------------------
0 0 0 0 0 
0 31 10 1 1 
0 1 1 1 1 
0 4 4 2 1 
0 6 1 1 2 
0 1000000000 1000000000 1000000000 1000000000 
--------------------------------------
0 0 0 0 0 
0 31 10 1 1 
0 1 1 1 1 
0 4 4 2 1 
0 6 1 1 1 
0 1000000000 1000000000 1000000000 1000000000 
--------------------------------------
0 0 0 0 0 
0 31 10 1 1 
0 1 1 1 1 
0 4 4 2 1 
0 6 1 1 1 
0 10 5 1000000000 1000000000 
--------------------------------------
0 0 0 0 0 
0 31 10 1 1 
0 1 1 1 1 
0 4 4 2 1 
0 6 1 1 1 
0 10 5 10 1000000000 
--------------------------------------
0 0 0 0 0 
0 31 10 1 1 
0 1 1 1 1 
0 4 4 2 1 
0 6 1 1 1 
0 10 5 2 1000000000 
--------------------------------------
0 0 0 0 0 
0 31 10 1 1 
0 1 1 1 1 
0 4 4 2 1 
0 6 1 1 1 
0 10 5 2 10 
--------------------------------------
0 0 0 0 0 
0 31 10 1 1 
0 1 1 1 1 
0 4 4 2 1 
0 6 1 1 1 
0 10 5 2 2 
--------------------------------------
